build/app/intermediates/manifest_merge_blame_file/release/manifest-merger-blame-release-report.txt
1<?xml version="1.0" encoding="utf-8"?>
2<manifest xmlns:android="http://schemas.android.com/apk/res/android"
3    package="com.example.shalom"
4    android:versionCode="1"
5    android:versionName="1.0.0" >
6
7    <uses-sdk
8        android:minSdkVersion="16"
8-->src\main\AndroidManifest.xml
9        android:targetSdkVersion="28" />
9-->src\main\AndroidManifest.xml
10
11    <application
11-->src\main\AndroidManifest.xml:3:5-22:19
12        android:name="io.flutter.app.FlutterApplication"
12-->src\main\AndroidManifest.xml:4:9-57
13        android:appComponentFactory="androidx.core.app.CoreComponentFactory"
13-->[androidx.core:core:1.1.0] AndroidManifest.xml:24:18-86
14        android:icon="@mipmap/ic_launcher"
14-->src\main\AndroidManifest.xml:6:9-43
15        android:label="ሻሎም" >
15-->src\main\AndroidManifest.xml:5:9-28
16        <activity
16-->src\main\AndroidManifest.xml:7:9-21:20
17            android:name="com.example.shalom.MainActivity"
17-->src\main\AndroidManifest.xml:8:13-41
18            android:configChanges="orientation|keyboardHidden|keyboard|screenSize|smallestScreenSize|locale|layoutDirection|fontScale|screenLayout|density|uiMode"
18-->src\main\AndroidManifest.xml:11:13-163
19            android:hardwareAccelerated="true"
19-->src\main\AndroidManifest.xml:12:13-47
20            android:launchMode="singleTop"
20-->src\main\AndroidManifest.xml:9:13-43
21            android:theme="@style/LaunchTheme"
21-->src\main\AndroidManifest.xml:10:13-47
22            android:windowSoftInputMode="adjustResize" >
22-->src\main\AndroidManifest.xml:13:13-55
23            <meta-data
23-->src\main\AndroidManifest.xml:14:13-16:40
24                android:name="io.flutter.app.android.SplashScreenUntilFirstFrame"
24-->src\main\AndroidManifest.xml:15:17-82
25                android:value="true" />
25-->src\main\AndroidManifest.xml:16:17-37
26
27            <intent-filter>
27-->src\main\AndroidManifest.xml:17:13-20:29
28                <action android:name="android.intent.action.MAIN" />
28-->src\main\AndroidManifest.xml:18:17-68
28-->src\main\AndroidManifest.xml:18:25-66
29
30                <category android:name="android.intent.category.LAUNCHER" />
30-->src\main\AndroidManifest.xml:19:17-76
30-->src\main\AndroidManifest.xml:19:27-74
31            </intent-filter>
32        </activity>
33    </application>
34
35</manifest>